Arguments: 
  /Users/dougavery/.asdf/installs/nodejs/13.2.0/bin/node /usr/local/Cellar/yarn/1.12.3/libexec/bin/yarn.js test-bounding-boxes

PATH: 
  /Users/dougavery/.asdf/installs/nodejs/13.2.0/bin:/Users/dougavery/.asdf/installs/nodejs/13.2.0/.npm/bin:/Users/dougavery/.cargo/bin:/usr/local/opt/openssl/bin:/usr/local/opt/mysql@5.5/bin:/usr/local/bin:usr/local/opt/openssl/bin:/Users/dougavery/.asdf/shims:/usr/local/opt/asdf/bin:/usr/bin:/bin:/usr/sbin:/sbin:/opt/X11/bin:/Users/dougavery/Library/Android/Sdk/tools:/Users/dougavery/Library/Android/Sdk/tools/bin:/Users/dougavery/Library/Android/Sdk/platform-tools:/Users/dougavery/Library/Android/Sdk/emulator

Yarn version: 
  1.12.3

Node version: 
  13.2.0

Platform: 
  darwin x64

Trace: 
  SyntaxError: /Users/dougavery/Apps/is-it-viget/model/object_scripts/package.json: Unexpected token } in JSON at position 209
      at JSON.parse (<anonymous>)
      at /usr/local/Cellar/yarn/1.12.3/libexec/lib/cli.js:1631:59
      at Generator.next (<anonymous>)
      at step (/usr/local/Cellar/yarn/1.12.3/libexec/lib/cli.js:304:30)
      at /usr/local/Cellar/yarn/1.12.3/libexec/lib/cli.js:315:13

npm manifest: 
  {
    "name": "object_scripts",
    "version": "1.0.0",
    "main": "index.js",
    "license": "MIT",
    "scripts": {
      "annotate": "node ./annotate.js",
      "test-bounding-boxes": "node ./test-bounding-boxes.js",
    },
    "dependencies": {
      "fs-extra": "^8.1.0"
    }
  }

yarn manifest: 
  No manifest

Lockfile: 
  # THIS IS AN AUTOGENERATED FILE. DO NOT EDIT THIS FILE DIRECTLY.
  # yarn lockfile v1
  
  
  fs-extra@^8.1.0:
    version "8.1.0"
    resolved "https://registry.yarnpkg.com/fs-extra/-/fs-extra-8.1.0.tgz#49d43c45a88cd9677668cb7be1b46efdb8d2e1c0"
    integrity sha512-yhlQgA6mnOJUKOsRUFsgJdQCvkKhcz8tlZG5HBQfReYZy46OwLcY+Zia0mtdHsOo9y/hP+CxMN0TU9QxoOtG4g==
    dependencies:
      graceful-fs "^4.2.0"
      jsonfile "^4.0.0"
      universalify "^0.1.0"
  
  graceful-fs@^4.1.6, graceful-fs@^4.2.0:
    version "4.2.3"
    resolved "https://registry.yarnpkg.com/graceful-fs/-/graceful-fs-4.2.3.tgz#4a12ff1b60376ef09862c2093edd908328be8423"
    integrity sha512-a30VEBm4PEdx1dRB7MFK7BejejvCvBronbLjht+sHuGYj8PHs7M/5Z+rt5lw551vZ7yfTCj4Vuyy3mSJytDWRQ==
  
  jsonfile@^4.0.0:
    version "4.0.0"
    resolved "https://registry.yarnpkg.com/jsonfile/-/jsonfile-4.0.0.tgz#8771aae0799b64076b76640fca058f9c10e33ecb"
    integrity sha1-h3Gq4HmbZAdrdmQPygWPnBDjPss=
    optionalDependencies:
      graceful-fs "^4.1.6"
  
  universalify@^0.1.0:
    version "0.1.2"
    resolved "https://registry.yarnpkg.com/universalify/-/universalify-0.1.2.tgz#b646f69be3942dabcecc9d6639c80dc105efaa66"
    integrity sha512-rBJeI5CXAlmy1pV+617WB9J63U6XcazHHF2f2dbJix4XzpUF0RS3Zbj0FGIOCAva5P/d/GBOYaACQ1w+0azUkg==
